*********************************************************************
* LD Score Regression (LDSC)
* Version 1.0.0
* (C) 2014-2015 Brendan Bulik-Sullivan and Hilary Finucane
* Broad Institute of MIT and Harvard / MIT Department of Mathematics
* GNU General Public License v3
*********************************************************************
Call: 
./ldsc.py \
--h2-cts /raid5/projects/timshel/sc-genetics/sc-genetics/data/gwas_sumstats_ldsc/timshel-collection/WHRadjBMI_Pulit2019.sumstats.gz \
--ref-ld-chr /raid5/projects/timshel/sc-genetics/ldsc/data/baseline_v1.1/baseline.,/scratch/tobi/cellect-LDSC/pre-computation/control.all_genes_in_dataset/per_annotation/control.all_genes_in_dataset__all_genes_in_dataset.tabula_muris. \
--out /scratch/tobi/cellect-LDSC/out/out.ldsc/tabula_muris.ESmuQ2.continuous.190730__WHRadjBMI_Pulit2019 \
--ref-ld-chr-cts /scratch/tobi/cellect-LDSC/pre-computation/tabula_muris.ESmuQ2.continuous.190730.ldcts.txt \
--w-ld-chr /raid5/projects/timshel/sc-genetics/ldsc/data/1000G_Phase3_weights_hm3_no_MHC/weights.hm3_noMHC. 

Beginning analysis at Tue Jul 30 19:38:42 2019
Reading summary statistics from /raid5/projects/timshel/sc-genetics/sc-genetics/data/gwas_sumstats_ldsc/timshel-collection/WHRadjBMI_Pulit2019.sumstats.gz ...
Read summary statistics for 1201338 SNPs.
Reading reference panel LD Score from /raid5/projects/timshel/sc-genetics/ldsc/data/baseline_v1.1/baseline.,/scratch/tobi/cellect-LDSC/pre-computation/control.all_genes_in_dataset/per_annotation/control.all_genes_in_dataset__all_genes_in_dataset.tabula_muris.[1-22] ...
Read reference panel LD Scores for 1190321 SNPs.
Removing partitioned LD Scores with zero variance.
Reading regression weight LD Score from /raid5/projects/timshel/sc-genetics/ldsc/data/1000G_Phase3_weights_hm3_no_MHC/weights.hm3_noMHC.[1-22] ...
Read regression weight LD Scores for 1187349 SNPs.
After merging with reference panel LD, 1179285 SNPs remain.
After merging with regression SNP LD, 1176325 SNPs remain.
Removed 1 SNPs with chi^2 > 694.649 (1176324 SNPs remain)
Reading cts reference panel LD Score from /scratch/tobi/cellect-LDSC/pre-computation/tabula_muris.ESmuQ2.continuous.190730/per_annotation/tabula_muris.ESmuQ2.continuous.190730__Bladder.bladder_cell.[1-22] ...
Performing regression #1/#115. CTS name is tabula_muris.ESmuQ2.continuous.190730__Bladder.bladder_cell
Reading cts reference panel LD Score from /scratch/tobi/cellect-LDSC/pre-computation/tabula_muris.ESmuQ2.continuous.190730/per_annotation/tabula_muris.ESmuQ2.continuous.190730__Bladder.bladder_urothelial_cell.[1-22] ...
Performing regression #2/#115. CTS name is tabula_muris.ESmuQ2.continuous.190730__Bladder.bladder_urothelial_cell
Reading cts reference panel LD Score from /scratch/tobi/cellect-LDSC/pre-computation/tabula_muris.ESmuQ2.continuous.190730/per_annotation/tabula_muris.ESmuQ2.continuous.190730__Brain_Myeloid.macrophage.[1-22] ...
Performing regression #3/#115. CTS name is tabula_muris.ESmuQ2.continuous.190730__Brain_Myeloid.macrophage
Reading cts reference panel LD Score from /scratch/tobi/cellect-LDSC/pre-computation/tabula_muris.ESmuQ2.continuous.190730/per_annotation/tabula_muris.ESmuQ2.continuous.190730__Brain_Myeloid.microglial_cell.[1-22] ...
Performing regression #4/#115. CTS name is tabula_muris.ESmuQ2.continuous.190730__Brain_Myeloid.microglial_cell
Reading cts reference panel LD Score from /scratch/tobi/cellect-LDSC/pre-computation/tabula_muris.ESmuQ2.continuous.190730/per_annotation/tabula_muris.ESmuQ2.continuous.190730__Brain_Non-Myeloid.Bergmann_glial_cell.[1-22] ...
Performing regression #5/#115. CTS name is tabula_muris.ESmuQ2.continuous.190730__Brain_Non-Myeloid.Bergmann_glial_cell
Reading cts reference panel LD Score from /scratch/tobi/cellect-LDSC/pre-computation/tabula_muris.ESmuQ2.continuous.190730/per_annotation/tabula_muris.ESmuQ2.continuous.190730__Brain_Non-Myeloid.astrocyte.[1-22] ...
Performing regression #6/#115. CTS name is tabula_muris.ESmuQ2.continuous.190730__Brain_Non-Myeloid.astrocyte
Reading cts reference panel LD Score from /scratch/tobi/cellect-LDSC/pre-computation/tabula_muris.ESmuQ2.continuous.190730/per_annotation/tabula_muris.ESmuQ2.continuous.190730__Brain_Non-Myeloid.brain_pericyte.[1-22] ...
Performing regression #7/#115. CTS name is tabula_muris.ESmuQ2.continuous.190730__Brain_Non-Myeloid.brain_pericyte
Reading cts reference panel LD Score from /scratch/tobi/cellect-LDSC/pre-computation/tabula_muris.ESmuQ2.continuous.190730/per_annotation/tabula_muris.ESmuQ2.continuous.190730__Brain_Non-Myeloid.endothelial_cell.[1-22] ...
Performing regression #8/#115. CTS name is tabula_muris.ESmuQ2.continuous.190730__Brain_Non-Myeloid.endothelial_cell
Reading cts reference panel LD Score from /scratch/tobi/cellect-LDSC/pre-computation/tabula_muris.ESmuQ2.continuous.190730/per_annotation/tabula_muris.ESmuQ2.continuous.190730__Brain_Non-Myeloid.neuron.[1-22] ...
Performing regression #9/#115. CTS name is tabula_muris.ESmuQ2.continuous.190730__Brain_Non-Myeloid.neuron
Reading cts reference panel LD Score from /scratch/tobi/cellect-LDSC/pre-computation/tabula_muris.ESmuQ2.continuous.190730/per_annotation/tabula_muris.ESmuQ2.continuous.190730__Brain_Non-Myeloid.oligodendrocyte.[1-22] ...
Performing regression #10/#115. CTS name is tabula_muris.ESmuQ2.continuous.190730__Brain_Non-Myeloid.oligodendrocyte
Reading cts reference panel LD Score from /scratch/tobi/cellect-LDSC/pre-computation/tabula_muris.ESmuQ2.continuous.190730/per_annotation/tabula_muris.ESmuQ2.continuous.190730__Brain_Non-Myeloid.oligodendrocyte_precursor_cell.[1-22] ...
Performing regression #11/#115. CTS name is tabula_muris.ESmuQ2.continuous.190730__Brain_Non-Myeloid.oligodendrocyte_precursor_cell
Reading cts reference panel LD Score from /scratch/tobi/cellect-LDSC/pre-computation/tabula_muris.ESmuQ2.continuous.190730/per_annotation/tabula_muris.ESmuQ2.continuous.190730__Fat.B_cell.[1-22] ...
Performing regression #12/#115. CTS name is tabula_muris.ESmuQ2.continuous.190730__Fat.B_cell
Reading cts reference panel LD Score from /scratch/tobi/cellect-LDSC/pre-computation/tabula_muris.ESmuQ2.continuous.190730/per_annotation/tabula_muris.ESmuQ2.continuous.190730__Fat.T_cell.[1-22] ...
Performing regression #13/#115. CTS name is tabula_muris.ESmuQ2.continuous.190730__Fat.T_cell
Reading cts reference panel LD Score from /scratch/tobi/cellect-LDSC/pre-computation/tabula_muris.ESmuQ2.continuous.190730/per_annotation/tabula_muris.ESmuQ2.continuous.190730__Fat.endothelial_cell.[1-22] ...
Performing regression #14/#115. CTS name is tabula_muris.ESmuQ2.continuous.190730__Fat.endothelial_cell
Reading cts reference panel LD Score from /scratch/tobi/cellect-LDSC/pre-computation/tabula_muris.ESmuQ2.continuous.190730/per_annotation/tabula_muris.ESmuQ2.continuous.190730__Fat.mesenchymal_stem_cell_of_adipose.[1-22] ...
Performing regression #15/#115. CTS name is tabula_muris.ESmuQ2.continuous.190730__Fat.mesenchymal_stem_cell_of_adipose
Reading cts reference panel LD Score from /scratch/tobi/cellect-LDSC/pre-computation/tabula_muris.ESmuQ2.continuous.190730/per_annotation/tabula_muris.ESmuQ2.continuous.190730__Fat.myeloid_cell.[1-22] ...
Performing regression #16/#115. CTS name is tabula_muris.ESmuQ2.continuous.190730__Fat.myeloid_cell
Reading cts reference panel LD Score from /scratch/tobi/cellect-LDSC/pre-computation/tabula_muris.ESmuQ2.continuous.190730/per_annotation/tabula_muris.ESmuQ2.continuous.190730__Fat.natural_killer_cell.[1-22] ...
Performing regression #17/#115. CTS name is tabula_muris.ESmuQ2.continuous.190730__Fat.natural_killer_cell
Reading cts reference panel LD Score from /scratch/tobi/cellect-LDSC/pre-computation/tabula_muris.ESmuQ2.continuous.190730/per_annotation/tabula_muris.ESmuQ2.continuous.190730__Fat.unknown_cell_type.[1-22] ...
Performing regression #18/#115. CTS name is tabula_muris.ESmuQ2.continuous.190730__Fat.unknown_cell_type
Reading cts reference panel LD Score from /scratch/tobi/cellect-LDSC/pre-computation/tabula_muris.ESmuQ2.continuous.190730/per_annotation/tabula_muris.ESmuQ2.continuous.190730__Heart.cardiac_muscle_cell.[1-22] ...
Performing regression #19/#115. CTS name is tabula_muris.ESmuQ2.continuous.190730__Heart.cardiac_muscle_cell
Reading cts reference panel LD Score from /scratch/tobi/cellect-LDSC/pre-computation/tabula_muris.ESmuQ2.continuous.190730/per_annotation/tabula_muris.ESmuQ2.continuous.190730__Heart.endocardial_cell.[1-22] ...
Performing regression #20/#115. CTS name is tabula_muris.ESmuQ2.continuous.190730__Heart.endocardial_cell
Reading cts reference panel LD Score from /scratch/tobi/cellect-LDSC/pre-computation/tabula_muris.ESmuQ2.continuous.190730/per_annotation/tabula_muris.ESmuQ2.continuous.190730__Heart.endothelial_cell.[1-22] ...
Performing regression #21/#115. CTS name is tabula_muris.ESmuQ2.continuous.190730__Heart.endothelial_cell
Reading cts reference panel LD Score from /scratch/tobi/cellect-LDSC/pre-computation/tabula_muris.ESmuQ2.continuous.190730/per_annotation/tabula_muris.ESmuQ2.continuous.190730__Heart.erythrocyte.[1-22] ...
Performing regression #22/#115. CTS name is tabula_muris.ESmuQ2.continuous.190730__Heart.erythrocyte
Reading cts reference panel LD Score from /scratch/tobi/cellect-LDSC/pre-computation/tabula_muris.ESmuQ2.continuous.190730/per_annotation/tabula_muris.ESmuQ2.continuous.190730__Heart.fibroblast.[1-22] ...
Performing regression #23/#115. CTS name is tabula_muris.ESmuQ2.continuous.190730__Heart.fibroblast
Reading cts reference panel LD Score from /scratch/tobi/cellect-LDSC/pre-computation/tabula_muris.ESmuQ2.continuous.190730/per_annotation/tabula_muris.ESmuQ2.continuous.190730__Heart.leukocyte.[1-22] ...
Performing regression #24/#115. CTS name is tabula_muris.ESmuQ2.continuous.190730__Heart.leukocyte
Reading cts reference panel LD Score from /scratch/tobi/cellect-LDSC/pre-computation/tabula_muris.ESmuQ2.continuous.190730/per_annotation/tabula_muris.ESmuQ2.continuous.190730__Heart.myofibroblast_cell.[1-22] ...
Performing regression #25/#115. CTS name is tabula_muris.ESmuQ2.continuous.190730__Heart.myofibroblast_cell
Reading cts reference panel LD Score from /scratch/tobi/cellect-LDSC/pre-computation/tabula_muris.ESmuQ2.continuous.190730/per_annotation/tabula_muris.ESmuQ2.continuous.190730__Heart.professional_antigen_presenting_cell.[1-22] ...
Performing regression #26/#115. CTS name is tabula_muris.ESmuQ2.continuous.190730__Heart.professional_antigen_presenting_cell
Reading cts reference panel LD Score from /scratch/tobi/cellect-LDSC/pre-computation/tabula_muris.ESmuQ2.continuous.190730/per_annotation/tabula_muris.ESmuQ2.continuous.190730__Heart.smooth_muscle_cell.[1-22] ...
Performing regression #27/#115. CTS name is tabula_muris.ESmuQ2.continuous.190730__Heart.smooth_muscle_cell
Reading cts reference panel LD Score from /scratch/tobi/cellect-LDSC/pre-computation/tabula_muris.ESmuQ2.continuous.190730/per_annotation/tabula_muris.ESmuQ2.continuous.190730__Heart.unknown_cell_type.[1-22] ...
Performing regression #28/#115. CTS name is tabula_muris.ESmuQ2.continuous.190730__Heart.unknown_cell_type
Reading cts reference panel LD Score from /scratch/tobi/cellect-LDSC/pre-computation/tabula_muris.ESmuQ2.continuous.190730/per_annotation/tabula_muris.ESmuQ2.continuous.190730__Kidney.endothelial_cell.[1-22] ...
Performing regression #29/#115. CTS name is tabula_muris.ESmuQ2.continuous.190730__Kidney.endothelial_cell
Reading cts reference panel LD Score from /scratch/tobi/cellect-LDSC/pre-computation/tabula_muris.ESmuQ2.continuous.190730/per_annotation/tabula_muris.ESmuQ2.continuous.190730__Kidney.epithelial_cell_of_proximal_tubule.[1-22] ...
Performing regression #30/#115. CTS name is tabula_muris.ESmuQ2.continuous.190730__Kidney.epithelial_cell_of_proximal_tubule
Reading cts reference panel LD Score from /scratch/tobi/cellect-LDSC/pre-computation/tabula_muris.ESmuQ2.continuous.190730/per_annotation/tabula_muris.ESmuQ2.continuous.190730__Kidney.kidney_collecting_duct_epithelial_cell.[1-22] ...
Performing regression #31/#115. CTS name is tabula_muris.ESmuQ2.continuous.190730__Kidney.kidney_collecting_duct_epithelial_cell
Reading cts reference panel LD Score from /scratch/tobi/cellect-LDSC/pre-computation/tabula_muris.ESmuQ2.continuous.190730/per_annotation/tabula_muris.ESmuQ2.continuous.190730__Kidney.leukocyte.[1-22] ...
Performing regression #32/#115. CTS name is tabula_muris.ESmuQ2.continuous.190730__Kidney.leukocyte
Reading cts reference panel LD Score from /scratch/tobi/cellect-LDSC/pre-computation/tabula_muris.ESmuQ2.continuous.190730/per_annotation/tabula_muris.ESmuQ2.continuous.190730__Kidney.macrophage.[1-22] ...
Performing regression #33/#115. CTS name is tabula_muris.ESmuQ2.continuous.190730__Kidney.macrophage
Reading cts reference panel LD Score from /scratch/tobi/cellect-LDSC/pre-computation/tabula_muris.ESmuQ2.continuous.190730/per_annotation/tabula_muris.ESmuQ2.continuous.190730__Large_Intestine.Brush_cell_of_epithelium_proper_of_large_intestine.[1-22] ...
Performing regression #34/#115. CTS name is tabula_muris.ESmuQ2.continuous.190730__Large_Intestine.Brush_cell_of_epithelium_proper_of_large_intestine
Reading cts reference panel LD Score from /scratch/tobi/cellect-LDSC/pre-computation/tabula_muris.ESmuQ2.continuous.190730/per_annotation/tabula_muris.ESmuQ2.continuous.190730__Large_Intestine.enterocyte_of_epithelium_of_large_intestine.[1-22] ...
Performing regression #35/#115. CTS name is tabula_muris.ESmuQ2.continuous.190730__Large_Intestine.enterocyte_of_epithelium_of_large_intestine
Reading cts reference panel LD Score from /scratch/tobi/cellect-LDSC/pre-computation/tabula_muris.ESmuQ2.continuous.190730/per_annotation/tabula_muris.ESmuQ2.continuous.190730__Large_Intestine.enteroendocrine_cell.[1-22] ...
Performing regression #36/#115. CTS name is tabula_muris.ESmuQ2.continuous.190730__Large_Intestine.enteroendocrine_cell
Reading cts reference panel LD Score from /scratch/tobi/cellect-LDSC/pre-computation/tabula_muris.ESmuQ2.continuous.190730/per_annotation/tabula_muris.ESmuQ2.continuous.190730__Large_Intestine.epithelial_cell_of_large_intestine.[1-22] ...
Performing regression #37/#115. CTS name is tabula_muris.ESmuQ2.continuous.190730__Large_Intestine.epithelial_cell_of_large_intestine
Reading cts reference panel LD Score from /scratch/tobi/cellect-LDSC/pre-computation/tabula_muris.ESmuQ2.continuous.190730/per_annotation/tabula_muris.ESmuQ2.continuous.190730__Large_Intestine.large_intestine_goblet_cell.[1-22] ...
Performing regression #38/#115. CTS name is tabula_muris.ESmuQ2.continuous.190730__Large_Intestine.large_intestine_goblet_cell
Reading cts reference panel LD Score from /scratch/tobi/cellect-LDSC/pre-computation/tabula_muris.ESmuQ2.continuous.190730/per_annotation/tabula_muris.ESmuQ2.continuous.190730__Limb_Muscle.B_cell.[1-22] ...
Performing regression #39/#115. CTS name is tabula_muris.ESmuQ2.continuous.190730__Limb_Muscle.B_cell
Reading cts reference panel LD Score from /scratch/tobi/cellect-LDSC/pre-computation/tabula_muris.ESmuQ2.continuous.190730/per_annotation/tabula_muris.ESmuQ2.continuous.190730__Limb_Muscle.T_cell.[1-22] ...
Performing regression #40/#115. CTS name is tabula_muris.ESmuQ2.continuous.190730__Limb_Muscle.T_cell
Reading cts reference panel LD Score from /scratch/tobi/cellect-LDSC/pre-computation/tabula_muris.ESmuQ2.continuous.190730/per_annotation/tabula_muris.ESmuQ2.continuous.190730__Limb_Muscle.endothelial_cell.[1-22] ...
Performing regression #41/#115. CTS name is tabula_muris.ESmuQ2.continuous.190730__Limb_Muscle.endothelial_cell
Reading cts reference panel LD Score from /scratch/tobi/cellect-LDSC/pre-computation/tabula_muris.ESmuQ2.continuous.190730/per_annotation/tabula_muris.ESmuQ2.continuous.190730__Limb_Muscle.lymphocyte.[1-22] ...
Performing regression #42/#115. CTS name is tabula_muris.ESmuQ2.continuous.190730__Limb_Muscle.lymphocyte
Reading cts reference panel LD Score from /scratch/tobi/cellect-LDSC/pre-computation/tabula_muris.ESmuQ2.continuous.190730/per_annotation/tabula_muris.ESmuQ2.continuous.190730__Limb_Muscle.macrophage.[1-22] ...
Performing regression #43/#115. CTS name is tabula_muris.ESmuQ2.continuous.190730__Limb_Muscle.macrophage
Reading cts reference panel LD Score from /scratch/tobi/cellect-LDSC/pre-computation/tabula_muris.ESmuQ2.continuous.190730/per_annotation/tabula_muris.ESmuQ2.continuous.190730__Limb_Muscle.mesenchymal_stem_cell.[1-22] ...
Performing regression #44/#115. CTS name is tabula_muris.ESmuQ2.continuous.190730__Limb_Muscle.mesenchymal_stem_cell
Reading cts reference panel LD Score from /scratch/tobi/cellect-LDSC/pre-computation/tabula_muris.ESmuQ2.continuous.190730/per_annotation/tabula_muris.ESmuQ2.continuous.190730__Limb_Muscle.skeletal_muscle_satellite_cell.[1-22] ...
Performing regression #45/#115. CTS name is tabula_muris.ESmuQ2.continuous.190730__Limb_Muscle.skeletal_muscle_satellite_cell
Reading cts reference panel LD Score from /scratch/tobi/cellect-LDSC/pre-computation/tabula_muris.ESmuQ2.continuous.190730/per_annotation/tabula_muris.ESmuQ2.continuous.190730__Limb_Muscle.skeletal_muscle_satellite_stem_cell.[1-22] ...
Performing regression #46/#115. CTS name is tabula_muris.ESmuQ2.continuous.190730__Limb_Muscle.skeletal_muscle_satellite_stem_cell
Reading cts reference panel LD Score from /scratch/tobi/cellect-LDSC/pre-computation/tabula_muris.ESmuQ2.continuous.190730/per_annotation/tabula_muris.ESmuQ2.continuous.190730__Liver.B_cell.[1-22] ...
Performing regression #47/#115. CTS name is tabula_muris.ESmuQ2.continuous.190730__Liver.B_cell
Reading cts reference panel LD Score from /scratch/tobi/cellect-LDSC/pre-computation/tabula_muris.ESmuQ2.continuous.190730/per_annotation/tabula_muris.ESmuQ2.continuous.190730__Liver.Kupffer_cell.[1-22] ...
Performing regression #48/#115. CTS name is tabula_muris.ESmuQ2.continuous.190730__Liver.Kupffer_cell
Reading cts reference panel LD Score from /scratch/tobi/cellect-LDSC/pre-computation/tabula_muris.ESmuQ2.continuous.190730/per_annotation/tabula_muris.ESmuQ2.continuous.190730__Liver.endothelial_cell_of_hepatic_sinusoid.[1-22] ...
Performing regression #49/#115. CTS name is tabula_muris.ESmuQ2.continuous.190730__Liver.endothelial_cell_of_hepatic_sinusoid
Reading cts reference panel LD Score from /scratch/tobi/cellect-LDSC/pre-computation/tabula_muris.ESmuQ2.continuous.190730/per_annotation/tabula_muris.ESmuQ2.continuous.190730__Liver.hepatocyte.[1-22] ...
Performing regression #50/#115. CTS name is tabula_muris.ESmuQ2.continuous.190730__Liver.hepatocyte
Reading cts reference panel LD Score from /scratch/tobi/cellect-LDSC/pre-computation/tabula_muris.ESmuQ2.continuous.190730/per_annotation/tabula_muris.ESmuQ2.continuous.190730__Liver.natural_killer_cell.[1-22] ...
Performing regression #51/#115. CTS name is tabula_muris.ESmuQ2.continuous.190730__Liver.natural_killer_cell
Reading cts reference panel LD Score from /scratch/tobi/cellect-LDSC/pre-computation/tabula_muris.ESmuQ2.continuous.190730/per_annotation/tabula_muris.ESmuQ2.continuous.190730__Lung.B_cell.[1-22] ...
Performing regression #52/#115. CTS name is tabula_muris.ESmuQ2.continuous.190730__Lung.B_cell
Reading cts reference panel LD Score from /scratch/tobi/cellect-LDSC/pre-computation/tabula_muris.ESmuQ2.continuous.190730/per_annotation/tabula_muris.ESmuQ2.continuous.190730__Lung.T_cell.[1-22] ...
Performing regression #53/#115. CTS name is tabula_muris.ESmuQ2.continuous.190730__Lung.T_cell
Reading cts reference panel LD Score from /scratch/tobi/cellect-LDSC/pre-computation/tabula_muris.ESmuQ2.continuous.190730/per_annotation/tabula_muris.ESmuQ2.continuous.190730__Lung.ciliated_columnar_cell_of_tracheobronchial_tree.[1-22] ...
Performing regression #54/#115. CTS name is tabula_muris.ESmuQ2.continuous.190730__Lung.ciliated_columnar_cell_of_tracheobronchial_tree
Reading cts reference panel LD Score from /scratch/tobi/cellect-LDSC/pre-computation/tabula_muris.ESmuQ2.continuous.190730/per_annotation/tabula_muris.ESmuQ2.continuous.190730__Lung.classical_monocyte.[1-22] ...
Performing regression #55/#115. CTS name is tabula_muris.ESmuQ2.continuous.190730__Lung.classical_monocyte
Reading cts reference panel LD Score from /scratch/tobi/cellect-LDSC/pre-computation/tabula_muris.ESmuQ2.continuous.190730/per_annotation/tabula_muris.ESmuQ2.continuous.190730__Lung.epithelial_cell_of_lung.[1-22] ...
Performing regression #56/#115. CTS name is tabula_muris.ESmuQ2.continuous.190730__Lung.epithelial_cell_of_lung
Reading cts reference panel LD Score from /scratch/tobi/cellect-LDSC/pre-computation/tabula_muris.ESmuQ2.continuous.190730/per_annotation/tabula_muris.ESmuQ2.continuous.190730__Lung.leukocyte.[1-22] ...
Performing regression #57/#115. CTS name is tabula_muris.ESmuQ2.continuous.190730__Lung.leukocyte
Reading cts reference panel LD Score from /scratch/tobi/cellect-LDSC/pre-computation/tabula_muris.ESmuQ2.continuous.190730/per_annotation/tabula_muris.ESmuQ2.continuous.190730__Lung.lung_endothelial_cell.[1-22] ...
Performing regression #58/#115. CTS name is tabula_muris.ESmuQ2.continuous.190730__Lung.lung_endothelial_cell
Reading cts reference panel LD Score from /scratch/tobi/cellect-LDSC/pre-computation/tabula_muris.ESmuQ2.continuous.190730/per_annotation/tabula_muris.ESmuQ2.continuous.190730__Lung.monocyte.[1-22] ...
Performing regression #59/#115. CTS name is tabula_muris.ESmuQ2.continuous.190730__Lung.monocyte
Reading cts reference panel LD Score from /scratch/tobi/cellect-LDSC/pre-computation/tabula_muris.ESmuQ2.continuous.190730/per_annotation/tabula_muris.ESmuQ2.continuous.190730__Lung.myeloid_cell.[1-22] ...
Performing regression #60/#115. CTS name is tabula_muris.ESmuQ2.continuous.190730__Lung.myeloid_cell
Reading cts reference panel LD Score from /scratch/tobi/cellect-LDSC/pre-computation/tabula_muris.ESmuQ2.continuous.190730/per_annotation/tabula_muris.ESmuQ2.continuous.190730__Lung.natural_killer_cell.[1-22] ...
Performing regression #61/#115. CTS name is tabula_muris.ESmuQ2.continuous.190730__Lung.natural_killer_cell
Reading cts reference panel LD Score from /scratch/tobi/cellect-LDSC/pre-computation/tabula_muris.ESmuQ2.continuous.190730/per_annotation/tabula_muris.ESmuQ2.continuous.190730__Lung.stromal_cell.[1-22] ...
Performing regression #62/#115. CTS name is tabula_muris.ESmuQ2.continuous.190730__Lung.stromal_cell
Reading cts reference panel LD Score from /scratch/tobi/cellect-LDSC/pre-computation/tabula_muris.ESmuQ2.continuous.190730/per_annotation/tabula_muris.ESmuQ2.continuous.190730__Lung.unknown_cell_type.[1-22] ...
Performing regression #63/#115. CTS name is tabula_muris.ESmuQ2.continuous.190730__Lung.unknown_cell_type
Reading cts reference panel LD Score from /scratch/tobi/cellect-LDSC/pre-computation/tabula_muris.ESmuQ2.continuous.190730/per_annotation/tabula_muris.ESmuQ2.continuous.190730__Mammary_Gland.basal_cell.[1-22] ...
Performing regression #64/#115. CTS name is tabula_muris.ESmuQ2.continuous.190730__Mammary_Gland.basal_cell
Reading cts reference panel LD Score from /scratch/tobi/cellect-LDSC/pre-computation/tabula_muris.ESmuQ2.continuous.190730/per_annotation/tabula_muris.ESmuQ2.continuous.190730__Mammary_Gland.endothelial_cell.[1-22] ...
Performing regression #65/#115. CTS name is tabula_muris.ESmuQ2.continuous.190730__Mammary_Gland.endothelial_cell
Reading cts reference panel LD Score from /scratch/tobi/cellect-LDSC/pre-computation/tabula_muris.ESmuQ2.continuous.190730/per_annotation/tabula_muris.ESmuQ2.continuous.190730__Mammary_Gland.luminal_epithelial_cell_of_mammary_gland.[1-22] ...
Performing regression #66/#115. CTS name is tabula_muris.ESmuQ2.continuous.190730__Mammary_Gland.luminal_epithelial_cell_of_mammary_gland
Reading cts reference panel LD Score from /scratch/tobi/cellect-LDSC/pre-computation/tabula_muris.ESmuQ2.continuous.190730/per_annotation/tabula_muris.ESmuQ2.continuous.190730__Mammary_Gland.stromal_cell.[1-22] ...
Performing regression #67/#115. CTS name is tabula_muris.ESmuQ2.continuous.190730__Mammary_Gland.stromal_cell
Reading cts reference panel LD Score from /scratch/tobi/cellect-LDSC/pre-computation/tabula_muris.ESmuQ2.continuous.190730/per_annotation/tabula_muris.ESmuQ2.continuous.190730__Marrow.B_cell.[1-22] ...
Performing regression #68/#115. CTS name is tabula_muris.ESmuQ2.continuous.190730__Marrow.B_cell
Reading cts reference panel LD Score from /scratch/tobi/cellect-LDSC/pre-computation/tabula_muris.ESmuQ2.continuous.190730/per_annotation/tabula_muris.ESmuQ2.continuous.190730__Marrow.Slamf1-negative_multipotent_progenitor_cell.[1-22] ...
Performing regression #69/#115. CTS name is tabula_muris.ESmuQ2.continuous.190730__Marrow.Slamf1-negative_multipotent_progenitor_cell
Reading cts reference panel LD Score from /scratch/tobi/cellect-LDSC/pre-computation/tabula_muris.ESmuQ2.continuous.190730/per_annotation/tabula_muris.ESmuQ2.continuous.190730__Marrow.Slamf1-positive_multipotent_progenitor_cell.[1-22] ...
Performing regression #70/#115. CTS name is tabula_muris.ESmuQ2.continuous.190730__Marrow.Slamf1-positive_multipotent_progenitor_cell
Reading cts reference panel LD Score from /scratch/tobi/cellect-LDSC/pre-computation/tabula_muris.ESmuQ2.continuous.190730/per_annotation/tabula_muris.ESmuQ2.continuous.190730__Marrow.basophil.[1-22] ...
Performing regression #71/#115. CTS name is tabula_muris.ESmuQ2.continuous.190730__Marrow.basophil
Reading cts reference panel LD Score from /scratch/tobi/cellect-LDSC/pre-computation/tabula_muris.ESmuQ2.continuous.190730/per_annotation/tabula_muris.ESmuQ2.continuous.190730__Marrow.common_lymphoid_progenitor.[1-22] ...
Performing regression #72/#115. CTS name is tabula_muris.ESmuQ2.continuous.190730__Marrow.common_lymphoid_progenitor
Reading cts reference panel LD Score from /scratch/tobi/cellect-LDSC/pre-computation/tabula_muris.ESmuQ2.continuous.190730/per_annotation/tabula_muris.ESmuQ2.continuous.190730__Marrow.granulocyte.[1-22] ...
Performing regression #73/#115. CTS name is tabula_muris.ESmuQ2.continuous.190730__Marrow.granulocyte
Reading cts reference panel LD Score from /scratch/tobi/cellect-LDSC/pre-computation/tabula_muris.ESmuQ2.continuous.190730/per_annotation/tabula_muris.ESmuQ2.continuous.190730__Marrow.granulocyte_monocyte_progenitor_cell.[1-22] ...
Performing regression #74/#115. CTS name is tabula_muris.ESmuQ2.continuous.190730__Marrow.granulocyte_monocyte_progenitor_cell
Reading cts reference panel LD Score from /scratch/tobi/cellect-LDSC/pre-computation/tabula_muris.ESmuQ2.continuous.190730/per_annotation/tabula_muris.ESmuQ2.continuous.190730__Marrow.granulocytopoietic_cell.[1-22] ...
Performing regression #75/#115. CTS name is tabula_muris.ESmuQ2.continuous.190730__Marrow.granulocytopoietic_cell
Reading cts reference panel LD Score from /scratch/tobi/cellect-LDSC/pre-computation/tabula_muris.ESmuQ2.continuous.190730/per_annotation/tabula_muris.ESmuQ2.continuous.190730__Marrow.hematopoietic_precursor_cell.[1-22] ...
Performing regression #76/#115. CTS name is tabula_muris.ESmuQ2.continuous.190730__Marrow.hematopoietic_precursor_cell
Reading cts reference panel LD Score from /scratch/tobi/cellect-LDSC/pre-computation/tabula_muris.ESmuQ2.continuous.190730/per_annotation/tabula_muris.ESmuQ2.continuous.190730__Marrow.immature_B_cell.[1-22] ...
Performing regression #77/#115. CTS name is tabula_muris.ESmuQ2.continuous.190730__Marrow.immature_B_cell
Reading cts reference panel LD Score from /scratch/tobi/cellect-LDSC/pre-computation/tabula_muris.ESmuQ2.continuous.190730/per_annotation/tabula_muris.ESmuQ2.continuous.190730__Marrow.immature_NK_T_cell.[1-22] ...
Performing regression #78/#115. CTS name is tabula_muris.ESmuQ2.continuous.190730__Marrow.immature_NK_T_cell
Reading cts reference panel LD Score from /scratch/tobi/cellect-LDSC/pre-computation/tabula_muris.ESmuQ2.continuous.190730/per_annotation/tabula_muris.ESmuQ2.continuous.190730__Marrow.immature_T_cell.[1-22] ...
Performing regression #79/#115. CTS name is tabula_muris.ESmuQ2.continuous.190730__Marrow.immature_T_cell
Reading cts reference panel LD Score from /scratch/tobi/cellect-LDSC/pre-computation/tabula_muris.ESmuQ2.continuous.190730/per_annotation/tabula_muris.ESmuQ2.continuous.190730__Marrow.immature_natural_killer_cell.[1-22] ...
Performing regression #80/#115. CTS name is tabula_muris.ESmuQ2.continuous.190730__Marrow.immature_natural_killer_cell
Reading cts reference panel LD Score from /scratch/tobi/cellect-LDSC/pre-computation/tabula_muris.ESmuQ2.continuous.190730/per_annotation/tabula_muris.ESmuQ2.continuous.190730__Marrow.late_pro-B_cell.[1-22] ...
Performing regression #81/#115. CTS name is tabula_muris.ESmuQ2.continuous.190730__Marrow.late_pro-B_cell
Reading cts reference panel LD Score from /scratch/tobi/cellect-LDSC/pre-computation/tabula_muris.ESmuQ2.continuous.190730/per_annotation/tabula_muris.ESmuQ2.continuous.190730__Marrow.macrophage.[1-22] ...
Performing regression #82/#115. CTS name is tabula_muris.ESmuQ2.continuous.190730__Marrow.macrophage
Reading cts reference panel LD Score from /scratch/tobi/cellect-LDSC/pre-computation/tabula_muris.ESmuQ2.continuous.190730/per_annotation/tabula_muris.ESmuQ2.continuous.190730__Marrow.mature_natural_killer_cell.[1-22] ...
Performing regression #83/#115. CTS name is tabula_muris.ESmuQ2.continuous.190730__Marrow.mature_natural_killer_cell
Reading cts reference panel LD Score from /scratch/tobi/cellect-LDSC/pre-computation/tabula_muris.ESmuQ2.continuous.190730/per_annotation/tabula_muris.ESmuQ2.continuous.190730__Marrow.megakaryocyte-erythroid_progenitor_cell.[1-22] ...
Performing regression #84/#115. CTS name is tabula_muris.ESmuQ2.continuous.190730__Marrow.megakaryocyte-erythroid_progenitor_cell
Reading cts reference panel LD Score from /scratch/tobi/cellect-LDSC/pre-computation/tabula_muris.ESmuQ2.continuous.190730/per_annotation/tabula_muris.ESmuQ2.continuous.190730__Marrow.monocyte.[1-22] ...
Performing regression #85/#115. CTS name is tabula_muris.ESmuQ2.continuous.190730__Marrow.monocyte
Reading cts reference panel LD Score from /scratch/tobi/cellect-LDSC/pre-computation/tabula_muris.ESmuQ2.continuous.190730/per_annotation/tabula_muris.ESmuQ2.continuous.190730__Marrow.naive_B_cell.[1-22] ...
Performing regression #86/#115. CTS name is tabula_muris.ESmuQ2.continuous.190730__Marrow.naive_B_cell
Reading cts reference panel LD Score from /scratch/tobi/cellect-LDSC/pre-computation/tabula_muris.ESmuQ2.continuous.190730/per_annotation/tabula_muris.ESmuQ2.continuous.190730__Marrow.pre-natural_killer_cell.[1-22] ...
Performing regression #87/#115. CTS name is tabula_muris.ESmuQ2.continuous.190730__Marrow.pre-natural_killer_cell
Reading cts reference panel LD Score from /scratch/tobi/cellect-LDSC/pre-computation/tabula_muris.ESmuQ2.continuous.190730/per_annotation/tabula_muris.ESmuQ2.continuous.190730__Marrow.precursor_B_cell.[1-22] ...
Performing regression #88/#115. CTS name is tabula_muris.ESmuQ2.continuous.190730__Marrow.precursor_B_cell
Reading cts reference panel LD Score from /scratch/tobi/cellect-LDSC/pre-computation/tabula_muris.ESmuQ2.continuous.190730/per_annotation/tabula_muris.ESmuQ2.continuous.190730__Marrow.regulatory_T_cell.[1-22] ...
Performing regression #89/#115. CTS name is tabula_muris.ESmuQ2.continuous.190730__Marrow.regulatory_T_cell
Reading cts reference panel LD Score from /scratch/tobi/cellect-LDSC/pre-computation/tabula_muris.ESmuQ2.continuous.190730/per_annotation/tabula_muris.ESmuQ2.continuous.190730__Pancreas.endothelial_cell.[1-22] ...
Performing regression #90/#115. CTS name is tabula_muris.ESmuQ2.continuous.190730__Pancreas.endothelial_cell
Reading cts reference panel LD Score from /scratch/tobi/cellect-LDSC/pre-computation/tabula_muris.ESmuQ2.continuous.190730/per_annotation/tabula_muris.ESmuQ2.continuous.190730__Pancreas.leukocyte.[1-22] ...
Performing regression #91/#115. CTS name is tabula_muris.ESmuQ2.continuous.190730__Pancreas.leukocyte
Reading cts reference panel LD Score from /scratch/tobi/cellect-LDSC/pre-computation/tabula_muris.ESmuQ2.continuous.190730/per_annotation/tabula_muris.ESmuQ2.continuous.190730__Pancreas.pancreatic_A_cell.[1-22] ...
Performing regression #92/#115. CTS name is tabula_muris.ESmuQ2.continuous.190730__Pancreas.pancreatic_A_cell
Reading cts reference panel LD Score from /scratch/tobi/cellect-LDSC/pre-computation/tabula_muris.ESmuQ2.continuous.190730/per_annotation/tabula_muris.ESmuQ2.continuous.190730__Pancreas.pancreatic_D_cell.[1-22] ...
Performing regression #93/#115. CTS name is tabula_muris.ESmuQ2.continuous.190730__Pancreas.pancreatic_D_cell
Reading cts reference panel LD Score from /scratch/tobi/cellect-LDSC/pre-computation/tabula_muris.ESmuQ2.continuous.190730/per_annotation/tabula_muris.ESmuQ2.continuous.190730__Pancreas.pancreatic_PP_cell.[1-22] ...
Performing regression #94/#115. CTS name is tabula_muris.ESmuQ2.continuous.190730__Pancreas.pancreatic_PP_cell
Reading cts reference panel LD Score from /scratch/tobi/cellect-LDSC/pre-computation/tabula_muris.ESmuQ2.continuous.190730/per_annotation/tabula_muris.ESmuQ2.continuous.190730__Pancreas.pancreatic_acinar_cell.[1-22] ...
Performing regression #95/#115. CTS name is tabula_muris.ESmuQ2.continuous.190730__Pancreas.pancreatic_acinar_cell
Reading cts reference panel LD Score from /scratch/tobi/cellect-LDSC/pre-computation/tabula_muris.ESmuQ2.continuous.190730/per_annotation/tabula_muris.ESmuQ2.continuous.190730__Pancreas.pancreatic_ductal_cell.[1-22] ...
Performing regression #96/#115. CTS name is tabula_muris.ESmuQ2.continuous.190730__Pancreas.pancreatic_ductal_cell
Reading cts reference panel LD Score from /scratch/tobi/cellect-LDSC/pre-computation/tabula_muris.ESmuQ2.continuous.190730/per_annotation/tabula_muris.ESmuQ2.continuous.190730__Pancreas.pancreatic_stellate_cell.[1-22] ...
Performing regression #97/#115. CTS name is tabula_muris.ESmuQ2.continuous.190730__Pancreas.pancreatic_stellate_cell
Reading cts reference panel LD Score from /scratch/tobi/cellect-LDSC/pre-computation/tabula_muris.ESmuQ2.continuous.190730/per_annotation/tabula_muris.ESmuQ2.continuous.190730__Pancreas.type_B_pancreatic_cell.[1-22] ...
Performing regression #98/#115. CTS name is tabula_muris.ESmuQ2.continuous.190730__Pancreas.type_B_pancreatic_cell
Reading cts reference panel LD Score from /scratch/tobi/cellect-LDSC/pre-computation/tabula_muris.ESmuQ2.continuous.190730/per_annotation/tabula_muris.ESmuQ2.continuous.190730__Skin.basal_cell_of_epidermis.[1-22] ...
Performing regression #99/#115. CTS name is tabula_muris.ESmuQ2.continuous.190730__Skin.basal_cell_of_epidermis
Reading cts reference panel LD Score from /scratch/tobi/cellect-LDSC/pre-computation/tabula_muris.ESmuQ2.continuous.190730/per_annotation/tabula_muris.ESmuQ2.continuous.190730__Skin.epidermal_cell.[1-22] ...
Performing regression #100/#115. CTS name is tabula_muris.ESmuQ2.continuous.190730__Skin.epidermal_cell
Reading cts reference panel LD Score from /scratch/tobi/cellect-LDSC/pre-computation/tabula_muris.ESmuQ2.continuous.190730/per_annotation/tabula_muris.ESmuQ2.continuous.190730__Skin.keratinocyte_stem_cell.[1-22] ...
Performing regression #101/#115. CTS name is tabula_muris.ESmuQ2.continuous.190730__Skin.keratinocyte_stem_cell
Reading cts reference panel LD Score from /scratch/tobi/cellect-LDSC/pre-computation/tabula_muris.ESmuQ2.continuous.190730/per_annotation/tabula_muris.ESmuQ2.continuous.190730__Skin.leukocyte.[1-22] ...
Performing regression #102/#115. CTS name is tabula_muris.ESmuQ2.continuous.190730__Skin.leukocyte
Reading cts reference panel LD Score from /scratch/tobi/cellect-LDSC/pre-computation/tabula_muris.ESmuQ2.continuous.190730/per_annotation/tabula_muris.ESmuQ2.continuous.190730__Skin.stem_cell_of_epidermis.[1-22] ...
Performing regression #103/#115. CTS name is tabula_muris.ESmuQ2.continuous.190730__Skin.stem_cell_of_epidermis
Reading cts reference panel LD Score from /scratch/tobi/cellect-LDSC/pre-computation/tabula_muris.ESmuQ2.continuous.190730/per_annotation/tabula_muris.ESmuQ2.continuous.190730__Spleen.B_cell.[1-22] ...
Performing regression #104/#115. CTS name is tabula_muris.ESmuQ2.continuous.190730__Spleen.B_cell
Reading cts reference panel LD Score from /scratch/tobi/cellect-LDSC/pre-computation/tabula_muris.ESmuQ2.continuous.190730/per_annotation/tabula_muris.ESmuQ2.continuous.190730__Spleen.T_cell.[1-22] ...
Performing regression #105/#115. CTS name is tabula_muris.ESmuQ2.continuous.190730__Spleen.T_cell
Reading cts reference panel LD Score from /scratch/tobi/cellect-LDSC/pre-computation/tabula_muris.ESmuQ2.continuous.190730/per_annotation/tabula_muris.ESmuQ2.continuous.190730__Spleen.macrophage.[1-22] ...
Performing regression #106/#115. CTS name is tabula_muris.ESmuQ2.continuous.190730__Spleen.macrophage
Reading cts reference panel LD Score from /scratch/tobi/cellect-LDSC/pre-computation/tabula_muris.ESmuQ2.continuous.190730/per_annotation/tabula_muris.ESmuQ2.continuous.190730__Thymus.DN1_thymic_pro-T_cell.[1-22] ...
Performing regression #107/#115. CTS name is tabula_muris.ESmuQ2.continuous.190730__Thymus.DN1_thymic_pro-T_cell
Reading cts reference panel LD Score from /scratch/tobi/cellect-LDSC/pre-computation/tabula_muris.ESmuQ2.continuous.190730/per_annotation/tabula_muris.ESmuQ2.continuous.190730__Thymus.immature_T_cell.[1-22] ...
Performing regression #108/#115. CTS name is tabula_muris.ESmuQ2.continuous.190730__Thymus.immature_T_cell
Reading cts reference panel LD Score from /scratch/tobi/cellect-LDSC/pre-computation/tabula_muris.ESmuQ2.continuous.190730/per_annotation/tabula_muris.ESmuQ2.continuous.190730__Thymus.leukocyte.[1-22] ...
Performing regression #109/#115. CTS name is tabula_muris.ESmuQ2.continuous.190730__Thymus.leukocyte
Reading cts reference panel LD Score from /scratch/tobi/cellect-LDSC/pre-computation/tabula_muris.ESmuQ2.continuous.190730/per_annotation/tabula_muris.ESmuQ2.continuous.190730__Tongue.basal_cell_of_epidermis.[1-22] ...
Performing regression #110/#115. CTS name is tabula_muris.ESmuQ2.continuous.190730__Tongue.basal_cell_of_epidermis
Reading cts reference panel LD Score from /scratch/tobi/cellect-LDSC/pre-computation/tabula_muris.ESmuQ2.continuous.190730/per_annotation/tabula_muris.ESmuQ2.continuous.190730__Tongue.keratinocyte.[1-22] ...
Performing regression #111/#115. CTS name is tabula_muris.ESmuQ2.continuous.190730__Tongue.keratinocyte
Reading cts reference panel LD Score from /scratch/tobi/cellect-LDSC/pre-computation/tabula_muris.ESmuQ2.continuous.190730/per_annotation/tabula_muris.ESmuQ2.continuous.190730__Trachea.blood_cell.[1-22] ...
Performing regression #112/#115. CTS name is tabula_muris.ESmuQ2.continuous.190730__Trachea.blood_cell
Reading cts reference panel LD Score from /scratch/tobi/cellect-LDSC/pre-computation/tabula_muris.ESmuQ2.continuous.190730/per_annotation/tabula_muris.ESmuQ2.continuous.190730__Trachea.endothelial_cell.[1-22] ...
Performing regression #113/#115. CTS name is tabula_muris.ESmuQ2.continuous.190730__Trachea.endothelial_cell
Reading cts reference panel LD Score from /scratch/tobi/cellect-LDSC/pre-computation/tabula_muris.ESmuQ2.continuous.190730/per_annotation/tabula_muris.ESmuQ2.continuous.190730__Trachea.epithelial_cell.[1-22] ...
Performing regression #114/#115. CTS name is tabula_muris.ESmuQ2.continuous.190730__Trachea.epithelial_cell
Reading cts reference panel LD Score from /scratch/tobi/cellect-LDSC/pre-computation/tabula_muris.ESmuQ2.continuous.190730/per_annotation/tabula_muris.ESmuQ2.continuous.190730__Trachea.mesenchymal_cell.[1-22] ...
Performing regression #115/#115. CTS name is tabula_muris.ESmuQ2.continuous.190730__Trachea.mesenchymal_cell
Results printed to /scratch/tobi/cellect-LDSC/out/out.ldsc/tabula_muris.ESmuQ2.continuous.190730__WHRadjBMI_Pulit2019.cell_type_results.txt
Analysis finished at Tue Jul 30 19:54:30 2019
Total time elapsed: 15.0m:48.44s
